<?xml version="1.0" encoding="UTF-8"?>
<!-- Generated by org.testng.reporters.JUnitReportReporter -->
<testsuite hostname="IRESH" failures="0" tests="1" name="com.orange.runner.Runner" time="16.744" errors="0" timestamp="06 Feb 2024 11:25:53 GMT" skipped="0">
  <testcase classname="com.orange.runner.Runner" name="login" time="16.744"/>
</testsuite> <!-- com.orange.runner.Runner -->
